0.01 14.60 18.75 19.20
0.01 16.00 16.75 19.50
0.01 16.00 17.38 18.75
0.02 6.30 18.40 18.75
0.02 6.60 17.20 18.75
0.02 7.50 15.20 17.75
0.02 7.50 16.00 16.80
0.02 8.25 14.00 17.00
0.02 8.48 12.50 18.75
0.02 8.72 12.50 18.00
0.02 8.96 11.75 18.75
0.02 9.60 12.50 15.80
0.02 9.60 13.75 14.25
0.02 9.90 12.50 15.20
0.02 10.00 12.51 15.00
0.02 11.00 12.50 13.44
0.02 12.00 12.26 12.50
0.03 3.84 18.75 19.50
0.03 4.25 16.00 19.50
0.03 5.00 13.12 18.75
0.03 5.00 14.00 17.30
0.03 5.00 14.40 16.75
0.03 5.25 14.00 16.00
0.03 5.80 12.50 15.60
0.03 5.90 12.50 15.20
0.03 6.20 11.25 16.00
0.03 6.25 9.60 19.85
0.03 6.25 9.80 19.20
0.03 6.25 10.88 16.50
0.03 6.25 11.14 16.00
0.03 6.25 12.48 14.00
0.03 6.45 9.60 18.75
0.03 6.50 10.00 17.40
0.03 6.85 10.00 16.00
0.03 7.50 9.05 16.00
0.03 7.68 10.75 12.50
0.03 7.84 10.50 12.50
0.03 8.96 10.00 11.25
0.04 4.00 11.50 18.50
0.04 4.00 12.50 16.54
0.04 4.00 13.60 15.00
0.04 4.40 10.00 19.00
0.04 4.50 10.80 16.25
0.04 4.50 12.40 13.75
0.04 4.59 10.00 17.50
0.04 4.65 11.00 15.00
0.04 4.70 10.00 16.75
0.04 4.78 10.00 16.25
0.04 5.00 9.00 17.55
0.04 5.00 10.00 15.04
0.04 5.00 10.02 15.00
0.04 5.25 10.00 13.90
0.04 5.35 10.00 13.50
0.04 5.50 10.00 12.95
0.04 5.80 10.00 12.00
0.04 6.00 9.27 12.50
0.04 6.25 6.80 18.70
0.04 6.25 6.94 18.00
0.04 6.25 7.00 17.72
0.04 6.25 7.36 16.25
0.04 6.25 7.43 16.00
0.04 6.25 7.50 15.76
0.04 6.25 7.92 14.50
0.04 6.25 8.00 14.29
0.04 6.25 8.20 13.80
0.04 6.25 8.90 12.40
0.04 6.25 9.25 11.84
0.04 6.25 9.60 11.35
0.04 6.25 9.88 11.00
0.04 6.25 10.00 10.86
0.04 6.30 10.00 10.75
0.04 6.40 8.75 12.25
0.04 6.44 7.50 15.00
0.04 6.68 10.00 10.00
0.04 6.75 8.00 12.75
0.04 7.25 9.10 10.00
0.04 7.50 8.00 11.10
0.04 7.50 8.77 10.00
0.04 8.00 8.20 10.00
0.05 2.40 16.96 18.75
0.05 2.50 16.00 18.55
0.05 2.50 16.44 18.00
0.05 2.98 13.75 16.00
0.05 3.00 14.00 15.50
0.05 3.00 14.44 15.00
0.05 3.20 11.00 18.75
0.05 3.20 12.50 15.75
0.05 3.55 9.60 18.75
0.05 3.60 12.50 12.92
0.05 3.68 11.25 14.00
0.05 3.75 9.60 16.75
0.05 3.75 9.90 16.00
0.05 3.75 12.00 12.64
0.05 3.84 9.50 16.25
0.05 4.00 8.62 17.50
0.05 4.00 10.00 14.05
0.05 4.00 11.25 12.24
0.05 4.41 10.00 12.00
0.05 4.43 9.60 12.50
0.05 4.50 10.00 11.64
0.05 4.61 8.00 15.00
0.05 4.71 7.50 16.00
0.05 4.75 9.60 11.25
0.05 5.00 6.50 18.48
0.05 5.00 7.62 14.00
0.05 5.00 8.00 13.05
0.05 5.00 9.00 11.24
0.05 5.04 6.40 18.75
0.05 5.10 6.25 19.20
0.05 5.20 6.25 18.40
0.05 5.60 7.26 12.50
0.05 5.70 6.25 15.36
0.05 5.75 8.75 9.60
0.05 6.00 7.50 10.84
0.05 6.24 6.25 13.20
0.05 6.25 6.40 12.70
0.05 6.25 7.00 11.20
0.05 6.25 7.20 10.80
0.05 6.25 7.95 9.60
0.05 6.25 8.20 9.28
0.05 6.72 8.00 8.75
0.05 6.82 7.00 10.00
0.06 2.40 12.50 18.70
0.06 2.50 12.00 18.20
0.06 2.80 11.75 15.00
0.06 2.90 12.00 13.75
0.06 3.07 12.00 12.50
0.06 3.50 8.00 17.00
0.06 3.60 7.50 18.00
0.06 3.75 7.00 18.80
0.06 3.75 7.92 15.00
0.06 3.75 9.30 12.00
0.06 3.80 7.50 16.00
0.06 4.00 7.50 14.45
0.06 4.00 8.28 12.50
0.06 4.60 6.00 16.25
0.06 5.00 7.53 10.00
0.07 2.45 9.60 18.75
0.07 2.50 10.00 16.76
0.07 2.80 10.60 12.50
0.07 3.72 6.25 16.00
0.07 4.00 6.25 13.76
0.07 4.25 7.50 9.60
0.07 4.48 6.25 11.25
0.07 5.00 6.40 9.25
0.08 1.75 15.00 15.30
0.08 1.80 12.75 17.50
0.08 1.86 13.75 15.00
0.08 1.97 12.50 15.00
0.08 2.00 10.50 18.50
0.08 2.00 12.20 15.00
0.08 2.00 12.50 14.58
0.08 2.25 9.75 16.00
0.08 2.28 10.00 15.00
0.08 2.40 10.70 12.50
0.08 2.50 8.79 15.00
0.08 2.50 10.00 12.58
0.08 2.64 7.50 17.50
0.08 2.75 8.00 14.25
0.08 2.75 8.76 12.50
0.08 2.90 7.25 15.00
0.08 2.94 8.00 12.50
0.08 2.98 6.25 19.00
0.08 3.00 6.25 18.66
0.08 3.00 7.79 12.50
0.08 3.19 6.25 16.00
0.08 3.25 7.50 11.40
0.08 3.36 6.25 14.25
0.08 3.40 6.00 15.00
0.08 3.40 6.25 13.90
0.08 3.70 6.25 11.80
0.08 3.75 5.00 17.66
0.08 3.75 5.38 15.00
0.08 3.75 6.25 11.52
0.08 3.75 8.00 8.45
0.08 3.80 5.85 12.50
0.08 3.96 6.25 10.50
0.08 4.00 4.50 19.50
0.08 4.00 6.25 10.33
0.08 4.00 6.40 10.00
0.08 4.10 7.50 8.00
0.08 4.20 7.50 7.75
0.08 4.38 6.25 9.00
0.08 4.45 4.50 15.00
0.08 4.45 6.25 8.80
0.08 4.50 4.88 12.50
0.08 4.50 6.20 8.75
0.08 4.80 6.25 7.95
0.08 5.00 5.00 10.08
0.08 5.00 6.29 7.50
0.08 5.40 6.25 6.90
0.08 5.50 6.25 6.76
0.08 5.92 6.25 6.25
0.09 1.34 16.00 18.75
0.09 2.50 7.15 16.00
0.09 3.00 5.75 16.00
0.09 3.00 7.70 10.00
0.09 3.75 4.48 16.25
0.09 3.75 6.00 9.60
0.09 4.00 4.74 12.50
0.09 4.90 6.25 6.40
0.10 1.12 17.50 19.50
0.10 1.20 16.04 18.75
0.10 1.24 15.00 19.00
0.10 1.25 14.80 19.00
0.10 1.25 15.48 18.00
0.10 1.25 16.00 17.35
0.10 1.25 16.50 16.80
0.10 1.40 15.00 15.00
0.10 1.44 12.50 17.55
0.10 1.47 12.50 16.80
0.10 1.48 12.00 17.50
0.10 1.50 12.00 17.00
0.10 1.50 13.28 15.00
0.10 1.60 10.00 19.50
0.10 1.60 12.50 14.20
0.10 1.74 10.00 16.00
0.10 1.75 10.00 15.80
0.10 1.80 11.52 12.50
0.10 2.00 7.50 19.20
0.10 2.00 7.84 17.50
0.10 2.00 8.55 15.00
0.10 2.00 10.00 12.10
0.10 2.00 10.68 11.25
0.10 2.10 8.00 15.00
0.10 2.11 10.00 11.00
0.10 2.14 8.80 12.50
0.10 2.20 10.00 10.25
0.10 2.25 9.88 10.00
0.10 2.35 6.25 18.56
0.10 2.40 6.25 17.50
0.10 2.40 7.50 12.50
0.10 2.45 7.50 12.00
0.10 2.48 8.50 10.00
0.10 2.50 5.76 19.00
0.10 2.50 5.92 17.75
0.10 2.50 6.00 17.20
0.10 2.50 6.20 16.00
0.10 2.50 6.40 15.00
0.10 2.50 6.50 14.56
0.10 2.50 6.64 14.00
0.10 2.50 6.75 13.60
0.10 2.50 7.00 12.80
0.10 2.50 7.20 12.25
0.10 2.50 7.30 12.00
0.10 2.50 7.52 11.50
0.10 2.50 7.75 11.04
0.10 2.50 8.00 10.60
0.10 2.50 8.40 10.00
0.10 2.50 8.80 9.50
0.10 2.50 9.00 9.28
0.10 2.56 6.25 14.85
0.10 2.60 6.25 14.32
0.10 2.66 6.25 13.60
0.10 2.80 5.00 19.75
0.10 2.80 6.16 12.50
0.10 2.80 6.25 12.20
0.10 2.85 7.00 10.00
0.10 2.96 5.25 15.00
0.10 3.00 5.00 16.20
0.10 3.00 6.55 10.00
0.10 3.00 7.50 8.48
0.10 3.10 6.25 10.08
0.10 3.12 7.50 8.00
0.10 3.19 6.25 9.60
0.10 3.20 4.41 18.75
0.10 3.20 6.25 9.55
0.10 3.22 6.00 10.00
0.10 3.25 5.00 13.36
0.10 3.42 5.00 12.00
0.10 3.48 4.80 12.50
0.10 3.50 4.00 19.00
0.10 3.50 5.44 10.00
0.10 3.60 4.00 17.50
0.10 3.60 4.25 15.00
0.10 3.60 6.25 7.96
0.10 3.70 4.00 16.25
0.10 3.72 6.25 7.60
0.10 3.75 3.80 18.00
0.10 3.75 3.97 16.00
0.10 3.75 4.00 15.70
0.10 3.75 4.20 14.00
0.10 3.75 4.48 12.25
0.10 3.75 5.12 9.75
0.10 3.75 5.50 8.80
0.10 3.75 6.00 7.88
0.10 3.75 6.50 7.20
0.10 3.82 4.00 15.00
0.10 3.96 4.75 10.00
0.10 4.00 4.00 13.50
0.10 4.00 4.15 12.50
0.10 4.00 4.50 10.75
0.10 4.00 4.70 10.00
0.10 4.00 5.00 9.10
0.10 4.00 5.14 8.75
0.10 4.00 5.25 8.50
0.10 4.00 5.50 8.00
0.10 4.00 5.80 7.50
0.10 4.00 6.25 6.90
0.10 4.25 6.25 6.40
0.10 4.50 5.00 7.68
0.10 4.60 5.84 6.25
0.10 4.78 5.60 6.25
0.10 4.84 5.00 7.00
0.10 5.00 5.55 6.00
0.11 1.00 18.00 19.50
0.11 1.20 13.60 18.75
0.11 1.50 12.50 13.28
0.11 1.62 10.00 15.00
0.11 2.25 6.40 15.00
0.11 2.85 6.25 9.60
0.11 3.00 5.70 10.00
0.11 3.20 4.65 12.50
0.11 4.00 4.15 10.00
0.11 4.00 5.92 6.25
0.12 1.35 10.00 18.50
0.12 1.54 10.00 13.75
0.12 2.00 6.25 16.74
0.12 2.00 6.90 13.75
0.12 2.00 7.31 12.50
0.12 2.00 8.00 11.00
0.12 2.25 6.00 13.50
0.12 2.50 4.60 19.00
0.12 2.50 4.90 16.00
0.12 2.50 5.00 15.24
0.12 2.50 5.84 11.25
0.12 2.50 6.31 10.00
0.12 2.50 6.50 9.60
0.12 2.50 7.25 8.40
0.12 2.60 6.00 10.00
0.12 2.90 5.25 10.00
0.12 3.00 5.00 10.15
0.12 5.00 5.00 5.06
0.13 0.95 16.00 17.50
0.13 1.25 10.24 17.50
0.13 1.44 10.50 12.50
0.13 2.35 6.25 9.60
0.13 2.75 4.00 16.00
0.13 2.80 6.25 7.20
0.13 3.00 5.25 8.00
0.14 0.80 17.90 18.75
0.14 0.92 14.00 18.75
0.14 1.00 12.24 18.75
0.14 1.20 10.75 15.00
0.14 1.65 9.00 10.00
0.14 1.75 8.20 10.00
0.14 2.00 5.00 17.85
0.14 2.12 5.00 15.00
0.14 2.40 4.50 13.75
0.14 2.40 4.70 12.50
0.14 2.50 4.00 16.60
0.14 2.50 5.50 8.80
0.14 2.50 6.24 7.50
0.14 2.56 3.75 18.75
0.14 3.00 3.68 12.50
0.14 3.00 4.00 10.50
0.14 3.00 5.00 7.40
0.14 3.60 5.00 5.75
0.14 3.75 4.60 6.00
0.15 0.80 15.76 18.75
0.15 0.89 15.00 16.00
0.15 0.91 12.50 19.20
0.15 1.00 12.25 16.00
0.15 1.00 12.50 15.60
0.15 1.00 12.92 15.00
0.15 1.06 10.00 19.00
0.15 1.20 11.08 12.50
0.15 1.25 8.00 18.80
0.15 1.25 8.70 16.00
0.15 1.25 9.60 13.75
0.15 1.25 10.72 12.00
0.15 1.28 9.95 12.50
0.15 1.36 7.50 17.00
0.15 1.40 10.00 10.50
0.15 1.50 9.32 10.00
0.15 1.60 6.25 16.00
0.15 1.65 6.25 14.72
0.15 1.65 8.00 10.00
0.15 1.70 6.56 12.50
0.15 1.75 8.00 9.00
0.15 1.92 6.25 10.40
0.15 1.92 7.50 8.25
0.15 2.00 4.50 19.00
0.15 2.00 4.90 15.00
0.15 2.00 5.00 14.30
0.15 2.00 6.25 9.60
0.15 2.00 7.25 8.00
0.15 2.00 7.50 7.72
0.15 2.04 5.20 12.50
0.15 2.24 5.25 10.00
0.15 2.40 3.75 18.00
0.15 2.40 4.30 12.50
0.15 2.40 6.25 7.04
0.15 2.50 3.50 19.68
0.15 2.50 3.73 16.00
0.15 2.50 3.84 14.75
0.15 2.50 4.00 13.30
0.15 2.50 4.50 10.40
0.15 2.50 4.60 10.00
0.15 2.50 5.60 7.50
0.15 2.50 5.76 7.25
0.15 2.50 6.00 6.92
0.15 2.56 6.25 6.40
0.15 2.63 5.00 8.00
0.15 2.75 3.75 12.16
0.15 2.83 4.00 10.00
0.15 3.00 5.00 6.52
0.15 3.17 3.20 12.50
0.15 3.20 4.80 6.25
0.15 3.40 3.75 8.00
0.15 3.40 4.48 6.25
0.15 3.75 4.00 6.32
0.16 0.85 12.50 19.30
0.16 0.90 12.50 16.95
0.16 0.97 12.50 14.50
0.16 1.00 10.00 18.60
0.16 1.00 11.00 16.00
0.16 1.00 12.50 13.66
0.16 1.05 11.25 14.00
0.16 1.06 12.25 12.50
0.16 1.10 8.70 18.75
0.16 1.17 8.00 18.75
0.16 1.20 9.90 12.50
0.16 1.25 7.50 17.82
0.16 1.25 10.00 11.41
0.16 1.30 7.50 16.00
0.16 1.44 7.50 12.50
0.16 1.50 5.75 19.50
0.16 1.50 6.25 15.82
0.16 1.50 6.70 13.75
0.16 1.50 7.08 12.50
0.16 1.50 7.50 11.45
0.16 1.50 8.00 10.50
0.16 1.52 6.25 15.25
0.16 1.57 6.25 14.00
0.16 1.60 6.25 13.35
0.16 1.65 6.25 12.40
0.16 1.65 7.50 9.50
0.16 1.70 7.50 9.00
0.16 1.75 6.25 10.88
0.16 1.76 6.25 10.75
0.16 1.78 6.25 10.50
0.16 1.90 5.20 12.50
0.16 1.90 5.50 11.25
0.16 1.95 6.25 8.80
0.16 2.00 6.25 8.41
0.16 2.00 6.90 7.50
0.16 2.14 6.25 7.50
0.16 2.25 3.68 18.75
0.16 2.25 3.75 17.60
0.16 2.25 4.26 12.50
0.16 2.25 6.00 7.25
0.16 2.30 6.25 6.70
0.16 2.35 5.50 7.50
0.16 2.38 4.00 12.50
0.16 2.50 3.25 19.70
0.16 2.50 3.36 17.50
0.16 2.50 3.50 15.40
0.16 2.50 3.70 13.25
0.16 2.50 3.75 12.82
0.16 2.50 3.79 12.50
0.16 2.50 4.00 11.10
0.16 2.50 4.22 10.00
0.16 2.50 4.50 8.95
0.16 2.50 4.65 8.50
0.16 2.50 5.00 7.66
0.16 2.50 5.08 7.50
0.16 2.50 5.50 6.80
0.16 2.50 5.94 6.25
0.16 2.56 5.75 6.25
0.16 2.85 3.30 12.50
0.16 2.90 4.90 6.25
0.16 2.95 4.80 6.25
0.16 3.00 3.00 14.00
0.16 3.00 4.10 7.50
0.16 3.26 3.75 7.50
0.16 3.28 4.25 6.25
0.16 3.47 4.00 6.25
0.16 3.60 3.85 6.25
0.16 3.75 4.00 5.65
0.17 2.56 3.00 18.75
0.17 4.00 4.00 4.75
0.18 0.80 12.50 16.85
0.18 1.20 6.60 18.75
0.18 1.25 7.90 12.00
0.18 1.60 7.50 8.00
0.18 2.00 3.64 18.75
0.18 2.00 3.80 16.25
0.18 2.40 4.50 7.50
0.18 2.50 4.00 8.35
0.18 2.80 5.00 5.25
0.18 2.98 4.00 6.25
0.18 3.75 3.76 5.00
0.19 0.64 16.25 17.50
0.19 1.25 8.32 10.00
0.19 1.75 4.00 18.00
0.19 2.15 4.00 10.00
0.20 0.60 15.00 19.75
0.20 0.60 15.64 18.75
0.20 0.75 12.76 15.00
0.20 0.80 12.50 13.50
0.20 0.90 10.88 12.50
0.20 1.00 7.48 17.50
0.20 1.00 7.50 17.40
0.20 1.00 8.10 15.00
0.20 1.00 9.00 12.75
0.20 1.00 9.96 11.25
0.20 1.00 10.00 11.20
0.20 1.11 7.00 15.00
0.20 1.20 6.25 15.30
0.20 1.20 6.95 12.50
0.20 1.25 6.00 14.90
0.20 1.25 6.18 14.00
0.20 1.25 6.50 12.72
0.20 1.25 8.00 9.45
0.20 1.25 8.36 9.00
0.20 1.28 8.25 8.75
0.20 1.30 6.25 12.40
0.20 1.38 6.25 10.80
0.20 1.40 5.00 16.50
0.20 1.40 5.64 12.50
0.20 1.50 5.00 13.40
0.20 1.50 5.85 10.00
0.20 1.50 7.36 7.50
0.20 1.57 5.50 10.00
0.20 1.60 4.11 18.75
0.20 1.60 6.25 8.05
0.20 1.62 5.00 11.00
0.20 1.71 4.40 12.50
0.20 1.75 3.75 18.24
0.20 1.75 4.78 10.00
0.20 1.80 5.00 8.75
0.20 1.80 6.25 6.60
0.20 1.96 5.80 6.25
0.20 2.00 3.44 15.00
0.20 2.00 3.50 14.25
0.20 2.00 3.75 11.90
0.20 2.00 4.38 8.75
0.20 2.00 4.85 7.50
0.20 2.00 5.00 7.20
0.20 2.05 5.44 6.25
0.20 2.24 5.00 6.00
0.20 2.25 4.80 6.25
0.20 2.25 5.00 5.96
0.20 2.34 4.00 7.50
0.20 2.39 3.75 8.00
0.20 2.40 3.02 12.50
0.20 2.50 2.80 13.75
0.20 2.50 2.94 12.00
0.20 2.50 3.00 11.40
0.20 2.50 3.25 9.52
0.20 2.50 3.88 7.00
0.20 2.50 4.00 6.70
0.20 2.50 4.35 6.00
0.20 2.50 4.50 5.76
0.20 2.55 5.00 5.00
0.20 2.64 3.00 10.00
0.20 2.80 3.70 6.25
0.20 3.00 3.00 7.75
0.20 3.00 3.75 5.56
0.20 3.00 4.10 5.00
0.20 3.12 3.30 6.25
0.20 3.48 3.50 5.00
0.21 1.25 8.00 8.60
0.21 2.15 3.20 12.50
0.21 2.50 4.00 6.10
0.22 0.80 10.00 14.50
0.22 1.00 6.25 19.92
0.22 1.00 7.84 12.50
0.22 1.00 9.35 10.00
0.22 1.07 6.25 16.00
0.22 1.20 6.25 11.80
0.22 1.25 5.50 13.60
0.22 1.25 6.75 9.60
0.22 1.36 6.25 9.00
0.22 1.65 6.25 6.40
0.22 1.72 6.00 6.25
0.22 1.75 4.20 10.00
0.22 2.00 4.84 6.25
0.22 2.40 2.50 16.00
0.22 2.40 2.70 12.50
0.22 2.40 3.75 6.50
0.22 2.50 2.50 13.92
0.22 2.50 3.00 8.80
0.22 2.50 3.68 6.25
0.22 2.50 4.00 5.60
0.23 2.40 2.50 13.50
0.23 2.50 2.68 10.00
0.24 0.58 12.50 18.00
0.24 0.60 11.25 19.50
0.24 0.75 8.60 17.50
0.24 0.80 10.00 12.00
0.24 0.88 10.00 10.00
0.24 0.92 6.25 19.50
0.24 0.95 7.40 12.50
0.24 1.00 6.25 14.98
0.24 1.00 6.87 12.50
0.24 1.04 6.50 12.50
0.24 1.25 5.00 12.98
0.24 1.30 6.25 8.20
0.24 1.32 4.75 12.50
0.24 1.42 6.25 7.00
0.24 1.50 5.75 7.00
0.24 2.10 2.80 12.50
0.24 2.25 3.68 6.25
0.24 2.50 2.50 10.48
0.24 2.50 3.87 5.00
0.24 2.55 3.20 6.25
0.25 0.47 16.00 19.00
0.25 0.50 14.25 19.20
0.25 0.50 15.00 18.00
0.25 0.50 16.00 16.75
0.25 0.52 15.00 16.60
0.25 0.55 14.00 16.00
0.25 0.58 12.75 16.00
0.25 0.60 11.25 17.60
0.25 0.60 12.68 15.00
0.25 0.60 13.50 14.00
0.25 0.64 9.75 19.00
0.25 0.64 9.82 18.75
0.25 0.64 10.00 18.15
0.25 0.64 10.50 16.75
0.25 0.64 11.35 15.00
0.25 0.64 11.50 14.75
0.25 0.64 12.20 13.75
0.25 0.64 12.50 13.39
0.25 0.65 9.60 18.75
0.25 0.65 10.00 17.44
0.25 0.70 10.00 14.60
0.25 0.71 9.60 15.00
0.25 0.75 8.00 18.00
0.25 0.75 8.50 16.00
0.25 0.75 9.50 13.44
0.25 0.75 9.60 13.25
0.25 0.75 10.40 12.00
0.25 0.77 7.50 19.20
0.25 0.80 7.20 18.75
0.25 0.80 7.42 17.50
0.25 0.80 7.50 17.10
0.25 0.80 7.75 16.00
0.25 0.80 9.84 11.25
0.25 0.80 10.00 11.05
0.25 0.80 10.50 10.50
0.25 0.85 7.36 15.00
0.25 0.85 8.00 13.00
0.25 0.88 6.25 19.68
0.25 0.90 6.80 15.00
0.25 0.90 8.92 10.00
0.25 0.91 6.50 16.00
0.25 0.92 6.25 16.96
0.25 0.92 6.60 15.00
0.25 0.93 8.75 9.60
0.25 0.96 6.25 14.92
0.25 0.98 6.25 14.08
0.25 1.00 5.40 19.00
0.25 1.00 5.50 18.00
0.25 1.00 5.68 16.50
0.25 1.00 5.75 16.00
0.25 1.00 6.00 14.50
0.25 1.00 6.10 14.00
0.25 1.00 6.40 12.75
0.25 1.00 6.50 12.40
0.25 1.00 6.80 11.50
0.25 1.00 7.00 11.00
0.25 1.00 7.36 10.25
0.25 1.00 7.50 10.00
0.25 1.00 7.75 9.60
0.25 1.00 8.00 9.25
0.25 1.00 8.20 9.00
0.25 1.06 6.25 11.52
0.25 1.11 6.40 10.00
0.25 1.12 6.25 10.16
0.25 1.15 6.08 10.00
0.25 1.15 6.25 9.60
0.25 1.20 4.50 17.00
0.25 1.20 4.70 15.00
0.25 1.20 5.00 12.90
0.25 1.20 6.25 8.80
0.25 1.20 6.75 8.00
0.25 1.20 7.16 7.50
0.25 1.22 6.00 9.00
0.25 1.24 5.00 11.80
0.25 1.25 4.14 19.20
0.25 1.25 4.20 18.24
0.25 1.25 4.48 14.95
0.25 1.25 4.80 12.60
0.25 1.25 5.08 11.20
0.25 1.25 5.20 10.72
0.25 1.25 5.55 9.60
0.25 1.25 6.40 7.90
0.25 1.25 6.96 7.20
0.25 1.28 4.00 19.75
0.25 1.28 4.35 15.00
0.25 1.28 5.50 9.25
0.25 1.28 6.25 7.78
0.25 1.28 6.45 7.50
0.25 1.30 4.00 18.50
0.25 1.30 5.00 10.48
0.25 1.32 6.25 7.36
0.25 1.34 4.50 12.00
0.25 1.35 4.00 16.00
0.25 1.35 5.00 9.60
0.25 1.40 3.75 17.28
0.25 1.40 4.66 10.00
0.25 1.42 4.00 13.50
0.25 1.48 5.20 7.50
0.25 1.48 6.08 6.25
0.25 1.50 3.50 16.80
0.25 1.50 3.55 16.00
0.25 1.50 4.00 11.50
0.25 1.50 4.08 11.00
0.25 1.50 4.75 8.32
0.25 1.50 6.00 6.20
0.25 1.60 3.25 17.00
0.25 1.60 3.37 15.00
0.25 1.60 3.75 11.20
0.25 1.60 3.95 10.00
0.25 1.60 4.00 9.75
0.25 1.60 4.24 8.75
0.25 1.60 5.00 6.85
0.25 1.60 5.40 6.25
0.25 1.66 5.12 6.25
0.25 1.68 5.00 6.30
0.25 1.70 3.00 18.00
0.25 1.70 3.75 9.60
0.25 1.70 4.00 8.50
0.25 1.70 4.32 7.50
0.25 1.72 3.20 13.75
0.25 1.75 3.00 16.00
0.25 1.75 3.20 13.00
0.25 1.75 4.00 8.00
0.25 1.75 4.48 6.75
0.25 1.76 4.72 6.25
0.25 1.80 5.00 5.64
0.25 1.82 3.40 10.00
0.25 1.83 4.48 6.25
0.25 1.84 4.00 7.25
0.25 1.85 2.88 15.00
0.25 1.90 2.75 16.00
0.25 1.90 2.80 15.00
0.25 1.90 3.24 10.00
0.25 1.90 5.00 5.20
0.25 1.92 3.00 11.75
0.25 1.92 3.05 11.25
0.25 1.92 3.75 7.40
0.25 1.92 4.21 6.25
0.25 1.92 4.50 5.75
0.25 1.96 2.56 18.75
0.25 2.00 2.50 19.00
0.25 2.00 2.68 14.50
0.25 2.00 2.85 12.00
0.25 2.00 3.00 10.50
0.25 2.00 3.25 8.80
0.25 2.00 3.36 8.25
0.25 2.00 3.70 7.00
0.25 2.00 4.00 6.25
0.25 2.00 4.50 5.40
0.25 2.01 4.80 5.00
0.25 2.04 2.60 15.00
0.25 2.05 4.00 6.00
0.25 2.08 2.50 16.10
0.25 2.08 2.80 11.25
0.25 2.08 3.75 6.40
0.25 2.10 2.50 15.52
0.25 2.16 2.40 16.25
0.25 2.18 2.50 13.60
0.25 2.19 3.20 7.50
0.25 2.20 2.50 13.20
0.25 2.24 3.25 7.00
0.25 2.25 2.40 14.00
0.25 2.25 2.56 11.50
0.25 2.25 2.75 9.60
0.25 2.25 3.00 8.00
0.25 2.25 4.00 5.20
0.25 2.32 3.36 6.25
0.25 2.35 2.50 10.88
0.25 2.40 2.50 10.30
0.25 2.40 2.53 10.00
0.25 2.40 2.90 7.50
0.25 2.40 3.75 5.12
0.25 2.40 4.00 4.75
0.25 2.47 2.50 9.60
0.25 2.50 2.56 8.85
0.25 2.50 2.60 8.56
0.25 2.50 2.76 7.60
0.25 2.50 2.80 7.40
0.25 2.50 3.05 6.40
0.25 2.50 3.10 6.24
0.25 2.50 3.20 5.95
0.25 2.50 3.34 5.60
0.25 2.50 3.60 5.08
0.25 2.50 3.92 4.60
0.25 2.50 4.00 4.50
0.25 2.56 3.02 6.25
0.25 2.56 3.55 5.00
0.25 2.65 3.75 4.48
0.25 2.68 2.88 6.25
0.25 2.75 2.88 6.00
0.25 2.75 4.00 4.00
0.25 2.80 3.00 5.50
0.25 2.80 3.22 5.00
0.25 3.00 3.00 5.00
0.25 3.10 3.50 4.00
0.25 3.20 3.60 3.75
0.26 0.50 14.00 18.00
0.26 0.75 7.50 18.40
0.26 0.96 7.50 10.00
0.26 1.12 7.50 7.50
0.26 1.25 6.50 7.20
0.26 1.50 3.68 12.50
0.26 1.75 4.48 6.25
0.26 1.95 3.00 10.00
0.26 2.08 2.50 13.75
0.26 2.32 2.50 10.00
0.27 0.75 9.60 11.25
0.27 1.25 3.75 19.84
0.27 1.25 5.60 8.00
0.27 2.00 3.00 8.50
0.28 0.48 12.50 19.50
0.28 0.60 10.00 16.00
0.28 0.67 10.00 12.50
0.28 0.88 5.50 18.75
0.28 1.00 5.00 15.70
0.28 1.00 6.25 10.04
0.28 1.04 4.50 18.75
0.28 1.25 5.50 7.60
0.28 1.40 4.00 10.00
0.28 1.50 3.36 12.50
0.28 1.50 4.00 8.50
0.28 1.60 3.25 11.25
0.28 2.00 2.50 11.95
0.28 2.13 2.50 10.00
0.28 2.50 2.50 7.04
0.29 1.00 4.75 16.00
0.29 1.00 6.25 9.28
0.29 1.25 3.75 14.72
0.29 2.40 3.75 4.00
0.29 2.50 2.56 6.25
0.30 0.40 15.56 18.75
0.30 0.48 12.50 16.60
0.30 0.50 12.00 16.00
0.30 0.50 12.50 15.20
0.30 0.50 12.64 15.00
0.30 0.60 10.72 12.50
0.30 0.64 8.75 14.25
0.30 0.64 9.60 12.50
0.30 0.68 7.50 16.00
0.30 0.70 10.00 10.00
0.30 0.72 9.50 10.00
0.30 0.75 7.00 14.00
0.30 0.75 8.84 10.00
0.30 0.76 6.25 17.20
0.30 0.80 6.25 14.70
0.30 0.80 6.80 12.50
0.30 0.80 7.50 10.75
0.30 0.85 6.24 12.50
0.30 0.92 5.60 12.50
0.30 0.95 6.25 9.60
0.30 1.00 5.00 12.60
0.30 1.00 5.65 10.00
0.30 1.00 7.04 7.50
0.30 1.09 4.00 17.50
0.30 1.10 6.25 7.20
0.30 1.12 4.35 12.50
0.30 1.20 3.75 15.00
0.30 1.20 4.00 12.50
0.30 1.20 6.20 6.25
0.30 1.25 3.40 18.00
0.30 1.25 3.50 16.16
0.30 1.25 3.51 16.00
0.30 1.25 3.84 12.25
0.30 1.25 4.00 11.10
0.30 1.25 4.20 10.00
0.30 1.25 4.50 8.80
0.30 1.25 5.12 7.25
0.30 1.25 5.60 6.50
0.30 1.25 6.00 6.04
0.30 1.30 4.00 10.00
0.30 1.44 4.70 6.25
0.30 1.50 4.00 7.25
0.30 1.50 5.00 5.44
0.30 1.60 2.88 12.50
0.30 1.75 2.48 15.00
0.30 1.75 2.50 14.56
0.30 1.75 4.00 5.50
0.30 1.76 2.50 14.25
0.30 1.76 2.60 12.50
0.30 1.80 2.75 10.00
0.30 1.85 2.50 12.00
0.30 1.86 4.00 5.00
0.30 1.90 2.40 12.50
0.30 1.95 3.20 6.25
0.30 2.00 2.12 16.25
0.30 2.00 2.25 13.00
0.30 2.00 2.46 10.00
0.30 2.00 2.50 9.60
0.30 2.00 2.60 8.75
0.30 2.00 2.80 7.50
0.30 2.00 3.65 5.00
0.30 2.00 3.75 4.84
0.30 2.00 4.00 4.50
0.30 2.16 2.50 8.00
0.30 2.20 2.80 6.25
0.30 2.30 3.75 4.00
0.30 2.40 2.50 6.50
0.30 2.50 3.00 4.64
0.30 2.50 3.40 4.00
0.31 1.00 6.00 8.50
0.31 1.65 2.50 16.00
0.31 1.75 2.50 12.80
0.32 0.36 16.75 18.75
0.32 0.41 15.00 16.25
0.32 0.50 11.30 15.00
0.32 0.50 12.50 13.32
0.32 0.65 6.80 18.75
0.32 0.75 6.25 14.64
0.32 0.83 5.00 18.75
0.32 0.85 5.25 15.00
0.32 0.85 6.25 10.60
0.32 1.00 4.00 19.00
0.32 1.00 6.25 7.57
0.32 1.00 6.30 7.50
0.32 1.20 5.55 6.25
0.32 1.25 3.24 16.25
0.32 1.25 3.60 11.75
0.32 1.25 3.75 10.64
0.32 1.25 4.35 8.00
0.32 1.25 5.00 6.57
0.32 1.25 5.25 6.20
0.32 1.35 5.00 5.75
0.32 1.51 4.00 6.25
0.32 1.62 2.50 15.00
0.32 1.65 4.25 5.00
0.32 1.80 2.50 10.50
0.32 2.25 2.52 6.25
0.32 2.50 2.50 5.32
0.32 2.50 3.10 4.00
0.34 0.48 9.50 18.75
0.34 0.70 8.00 10.00
0.34 1.45 3.00 10.00
0.34 2.00 2.40 7.50
0.34 2.50 2.85 4.00
